2026-05-13 15:19:24,937 - INFO - Start polling
2026-05-13 15:19:25,526 - INFO - Run polling for bot @master_sat_prep_bot id=8477930234 - 'Master SAT Bot'
2026-05-13 15:19:37,616 - INFO - Update id=617996728 is handled. Duration 436 ms by bot id=8477930234
2026-05-13 15:19:40,095 - INFO - Update id=617996729 is handled. Duration 262 ms by bot id=8477930234
2026-05-13 15:19:49,124 - INFO - Update id=617996730 is handled. Duration 135 ms by bot id=8477930234
2026-05-13 15:19:51,124 - INFO - Update id=617996731 is handled. Duration 130 ms by bot id=8477930234
2026-05-13 15:19:53,752 - INFO - Update id=617996732 is handled. Duration 140 ms by bot id=8477930234
2026-05-13 15:19:57,723 - INFO - Update id=617996733 is handled. Duration 160 ms by bot id=8477930234
2026-05-13 15:20:03,625 - INFO - Update id=617996734 is handled. Duration 138 ms by bot id=8477930234
2026-05-13 15:20:07,060 - INFO - Update id=617996735 is handled. Duration 194 ms by bot id=8477930234
2026-05-13 15:20:09,803 - INFO - Update id=617996736 is handled. Duration 154 ms by bot id=8477930234
2026-05-13 15:20:13,756 - INFO - Update id=617996737 is handled. Duration 129 ms by bot id=8477930234
2026-05-13 15:20:15,427 - INFO - Update id=617996738 is handled. Duration 276 ms by bot id=8477930234
2026-05-13 15:20:17,353 - INFO - Update id=617996739 is handled. Duration 562 ms by bot id=8477930234
2026-05-13 15:20:22,005 - INFO - Update id=617996740 is handled. Duration 164 ms by bot id=8477930234
2026-05-13 15:20:27,451 - INFO - Update id=617996741 is handled. Duration 329 ms by bot id=8477930234
2026-05-13 15:20:29,164 - INFO - Update id=617996742 is handled. Duration 433 ms by bot id=8477930234
2026-05-13 15:20:37,410 - INFO - Update id=617996743 is handled. Duration 458 ms by bot id=8477930234
2026-05-13 15:20:52,679 - INFO - Update id=617996744 is handled. Duration 150 ms by bot id=8477930234
2026-05-13 15:21:07,133 - INFO - Update id=617996745 is handled. Duration 210 ms by bot id=8477930234
2026-05-13 15:21:10,743 - INFO - Update id=617996746 is handled. Duration 231 ms by bot id=8477930234
2026-05-13 15:21:14,116 - INFO - Update id=617996747 is handled. Duration 148 ms by bot id=8477930234
2026-05-13 15:21:16,377 - INFO - Update id=617996748 is handled. Duration 136 ms by bot id=8477930234
2026-05-13 15:21:18,895 - INFO - Update id=617996749 is handled. Duration 146 ms by bot id=8477930234
2026-05-13 15:21:20,910 - INFO - Update id=617996750 is handled. Duration 276 ms by bot id=8477930234
2026-05-13 15:21:24,837 - INFO - Update id=617996751 is handled. Duration 542 ms by bot id=8477930234
2026-05-13 15:21:32,247 - INFO - Update id=617996752 is handled. Duration 134 ms by bot id=8477930234
2026-05-13 15:21:34,200 - INFO - Update id=617996753 is handled. Duration 256 ms by bot id=8477930234
2026-05-13 15:21:36,643 - INFO - Update id=617996754 is handled. Duration 144 ms by bot id=8477930234
2026-05-13 15:21:40,431 - INFO - Update id=617996755 is handled. Duration 181 ms by bot id=8477930234
2026-05-13 15:21:42,218 - INFO - Update id=617996756 is handled. Duration 383 ms by bot id=8477930234
2026-05-13 15:21:45,152 - INFO - Update id=617996757 is handled. Duration 255 ms by bot id=8477930234
2026-05-13 15:21:55,302 - INFO - Update id=617996758 is handled. Duration 259 ms by bot id=8477930234
2026-05-13 15:22:00,511 - INFO - Update id=617996759 is handled. Duration 695 ms by bot id=8477930234
2026-05-13 15:22:51,008 - INFO - Update id=617996760 is handled. Duration 195 ms by bot id=8477930234
2026-05-13 15:23:31,453 - INFO - Update id=617996761 is handled. Duration 219 ms by bot id=8477930234
2026-05-13 15:23:37,834 - INFO - Update id=617996762 is handled. Duration 125 ms by bot id=8477930234
2026-05-13 15:23:45,284 - INFO - Update id=617996763 is handled. Duration 146 ms by bot id=8477930234
2026-05-13 15:23:49,373 - INFO - Update id=617996764 is handled. Duration 145 ms by bot id=8477930234
2026-05-13 15:23:49,654 - INFO - Update id=617996766 is handled. Duration 162 ms by bot id=8477930234
2026-05-13 15:23:49,741 - INFO - Update id=617996765 is handled. Duration 375 ms by bot id=8477930234
2026-05-13 15:23:49,807 - INFO - Update id=617996767 is handled. Duration 153 ms by bot id=8477930234
2026-05-13 15:23:49,966 - INFO - Update id=617996768 is handled. Duration 161 ms by bot id=8477930234
2026-05-13 15:23:50,125 - INFO - Update id=617996769 is handled. Duration 148 ms by bot id=8477930234
2026-05-13 15:23:50,412 - INFO - Update id=617996770 is handled. Duration 127 ms by bot id=8477930234
2026-05-13 15:23:50,542 - INFO - Update id=617996771 is handled. Duration 154 ms by bot id=8477930234
2026-05-13 15:23:50,718 - INFO - Update id=617996772 is handled. Duration 171 ms by bot id=8477930234
2026-05-13 15:23:50,810 - INFO - Update id=617996773 is handled. Duration 154 ms by bot id=8477930234
2026-05-13 15:23:50,935 - INFO - Update id=617996774 is handled. Duration 137 ms by bot id=8477930234
2026-05-13 15:23:51,034 - INFO - Update id=617996775 is handled. Duration 134 ms by bot id=8477930234
2026-05-13 15:23:51,172 - INFO - Update id=617996776 is handled. Duration 164 ms by bot id=8477930234
2026-05-13 15:23:51,398 - INFO - Update id=617996777 is handled. Duration 151 ms by bot id=8477930234
2026-05-13 15:23:51,551 - INFO - Update id=617996778 is handled. Duration 136 ms by bot id=8477930234
2026-05-13 15:23:51,750 - INFO - Update id=617996779 is handled. Duration 224 ms by bot id=8477930234
2026-05-13 15:23:51,830 - INFO - Update id=617996780 is handled. Duration 193 ms by bot id=8477930234
2026-05-13 15:23:51,948 - INFO - Update id=617996781 is handled. Duration 162 ms by bot id=8477930234
2026-05-13 15:23:52,088 - INFO - Update id=617996782 is handled. Duration 139 ms by bot id=8477930234
2026-05-13 15:23:52,349 - INFO - Update id=617996783 is handled. Duration 202 ms by bot id=8477930234
2026-05-13 15:23:52,770 - INFO - Update id=617996784 is handled. Duration 325 ms by bot id=8477930234
2026-05-13 15:23:52,941 - INFO - Update id=617996785 is handled. Duration 171 ms by bot id=8477930234
2026-05-13 15:23:53,099 - INFO - Update id=617996786 is handled. Duration 176 ms by bot id=8477930234
2026-05-13 15:23:54,775 - INFO - Update id=617996787 is handled. Duration 264 ms by bot id=8477930234
2026-05-13 15:23:54,847 - INFO - Update id=617996788 is handled. Duration 216 ms by bot id=8477930234
2026-05-13 15:23:54,989 - INFO - Update id=617996790 is handled. Duration 150 ms by bot id=8477930234
2026-05-13 15:23:55,098 - INFO - Update id=617996789 is handled. Duration 364 ms by bot id=8477930234
2026-05-13 15:23:55,123 - INFO - Update id=617996792 is handled. Duration 152 ms by bot id=8477930234
2026-05-13 15:23:55,237 - INFO - Update id=617996791 is handled. Duration 397 ms by bot id=8477930234
2026-05-13 15:23:55,264 - INFO - Update id=617996793 is handled. Duration 132 ms by bot id=8477930234
2026-05-13 15:23:55,450 - INFO - Update id=617996794 is handled. Duration 126 ms by bot id=8477930234
2026-05-13 15:23:57,289 - INFO - Update id=617996795 is handled. Duration 130 ms by bot id=8477930234
2026-05-13 15:23:57,534 - INFO - Update id=617996796 is handled. Duration 157 ms by bot id=8477930234
2026-05-13 15:23:57,740 - INFO - Update id=617996797 is handled. Duration 210 ms by bot id=8477930234
2026-05-13 15:23:57,814 - INFO - Update id=617996798 is handled. Duration 173 ms by bot id=8477930234
2026-05-13 15:23:58,140 - INFO - Update id=617996799 is handled. Duration 175 ms by bot id=8477930234
2026-05-13 15:23:58,195 - INFO - Update id=617996800 is handled. Duration 129 ms by bot id=8477930234
2026-05-13 15:23:58,438 - INFO - Update id=617996801 is handled. Duration 267 ms by bot id=8477930234
2026-05-13 15:23:58,573 - INFO - Update id=617996802 is handled. Duration 133 ms by bot id=8477930234
2026-05-13 15:23:58,704 - INFO - Update id=617996803 is handled. Duration 128 ms by bot id=8477930234
2026-05-13 15:23:58,874 - INFO - Update id=617996804 is handled. Duration 186 ms by bot id=8477930234
2026-05-13 15:23:59,220 - INFO - Update id=617996805 is handled. Duration 348 ms by bot id=8477930234
2026-05-13 15:23:59,301 - INFO - Update id=617996807 is handled. Duration 217 ms by bot id=8477930234
2026-05-13 15:23:59,425 - INFO - Update id=617996808 is handled. Duration 181 ms by bot id=8477930234
2026-05-13 15:23:59,739 - INFO - Update id=617996806 is handled. Duration 765 ms by bot id=8477930234
2026-05-13 15:23:59,912 - INFO - Update id=617996809 is handled. Duration 488 ms by bot id=8477930234
2026-05-13 15:23:59,985 - INFO - Update id=617996810 is handled. Duration 188 ms by bot id=8477930234
2026-05-13 15:24:00,104 - INFO - Update id=617996811 is handled. Duration 136 ms by bot id=8477930234
2026-05-13 15:24:00,247 - INFO - Update id=617996812 is handled. Duration 135 ms by bot id=8477930234
2026-05-13 15:24:00,418 - INFO - Update id=617996813 is handled. Duration 202 ms by bot id=8477930234
2026-05-13 15:24:00,443 - INFO - Update id=617996814 is handled. Duration 227 ms by bot id=8477930234
2026-05-13 15:24:00,486 - INFO - Update id=617996815 is handled. Duration 124 ms by bot id=8477930234
2026-05-13 15:24:00,677 - INFO - Update id=617996816 is handled. Duration 166 ms by bot id=8477930234
2026-05-13 15:24:01,061 - INFO - Update id=617996818 is handled. Duration 169 ms by bot id=8477930234
2026-05-13 15:24:01,195 - INFO - Update id=617996817 is handled. Duration 543 ms by bot id=8477930234
2026-05-13 15:24:01,220 - INFO - Update id=617996819 is handled. Duration 192 ms by bot id=8477930234
2026-05-13 15:24:01,459 - INFO - Update id=617996820 is handled. Duration 146 ms by bot id=8477930234
2026-05-13 15:24:01,668 - INFO - Update id=617996821 is handled. Duration 196 ms by bot id=8477930234
2026-05-13 15:24:01,824 - INFO - Update id=617996822 is handled. Duration 207 ms by bot id=8477930234
2026-05-13 15:24:01,924 - INFO - Update id=617996823 is handled. Duration 164 ms by bot id=8477930234
2026-05-13 15:24:02,235 - INFO - Update id=617996825 is handled. Duration 143 ms by bot id=8477930234
2026-05-13 15:24:02,256 - INFO - Update id=617996824 is handled. Duration 165 ms by bot id=8477930234
2026-05-13 15:24:02,377 - INFO - Update id=617996826 is handled. Duration 133 ms by bot id=8477930234
2026-05-13 15:24:02,550 - INFO - Update id=617996827 is handled. Duration 193 ms by bot id=8477930234
2026-05-13 15:24:02,583 - INFO - Update id=617996828 is handled. Duration 125 ms by bot id=8477930234
2026-05-13 15:24:02,743 - INFO - Update id=617996829 is handled. Duration 171 ms by bot id=8477930234
2026-05-13 15:24:02,959 - INFO - Update id=617996830 is handled. Duration 215 ms by bot id=8477930234
2026-05-13 15:24:03,476 - INFO - Update id=617996831 is handled. Duration 130 ms by bot id=8477930234
2026-05-13 15:24:03,608 - INFO - Update id=617996834 is handled. Duration 148 ms by bot id=8477930234
2026-05-13 15:24:03,655 - INFO - Update id=617996833 is handled. Duration 196 ms by bot id=8477930234
2026-05-13 15:24:03,698 - INFO - Update id=617996832 is handled. Duration 239 ms by bot id=8477930234
2026-05-13 15:24:03,735 - INFO - Update id=617996835 is handled. Duration 146 ms by bot id=8477930234
2026-05-13 15:24:03,898 - INFO - Update id=617996836 is handled. Duration 142 ms by bot id=8477930234
2026-05-13 15:24:04,229 - INFO - Update id=617996837 is handled. Duration 239 ms by bot id=8477930234
2026-05-13 15:24:04,417 - INFO - Update id=617996838 is handled. Duration 142 ms by bot id=8477930234
2026-05-13 15:24:04,559 - INFO - Update id=617996839 is handled. Duration 177 ms by bot id=8477930234
2026-05-13 15:24:04,642 - INFO - Update id=617996840 is handled. Duration 163 ms by bot id=8477930234
2026-05-13 15:24:04,869 - INFO - Update id=617996841 is handled. Duration 226 ms by bot id=8477930234
2026-05-13 15:24:08,191 - INFO - Update id=617996842 is handled. Duration 215 ms by bot id=8477930234
2026-05-13 15:24:08,276 - INFO - Update id=617996843 is handled. Duration 153 ms by bot id=8477930234
2026-05-13 15:24:08,377 - INFO - Update id=617996847 is handled. Duration 144 ms by bot id=8477930234
2026-05-13 15:24:08,422 - INFO - Update id=617996846 is handled. Duration 189 ms by bot id=8477930234
2026-05-13 15:24:08,470 - INFO - Update id=617996844 is handled. Duration 237 ms by bot id=8477930234
2026-05-13 15:24:08,479 - INFO - Update id=617996848 is handled. Duration 146 ms by bot id=8477930234
2026-05-13 15:24:08,584 - INFO - Update id=617996856 is handled. Duration 154 ms by bot id=8477930234
2026-05-13 15:24:08,600 - INFO - Update id=617996854 is handled. Duration 170 ms by bot id=8477930234
2026-05-13 15:24:08,629 - INFO - Update id=617996845 is handled. Duration 396 ms by bot id=8477930234
2026-05-13 15:24:08,981 - INFO - Update id=617996851 is handled. Duration 647 ms by bot id=8477930234
2026-05-13 15:24:08,982 - INFO - Update id=617996852 is handled. Duration 648 ms by bot id=8477930234
2026-05-13 15:24:08,983 - INFO - Update id=617996850 is handled. Duration 649 ms by bot id=8477930234
2026-05-13 15:24:08,983 - INFO - Update id=617996849 is handled. Duration 650 ms by bot id=8477930234
2026-05-13 15:24:08,984 - INFO - Update id=617996855 is handled. Duration 553 ms by bot id=8477930234
2026-05-13 15:24:09,186 - INFO - Update id=617996853 is handled. Duration 755 ms by bot id=8477930234
2026-05-13 15:24:26,090 - INFO - Update id=617996857 is handled. Duration 6 ms by bot id=8477930234
2026-05-13 15:24:26,268 - INFO - Update id=617996858 is handled. Duration 9 ms by bot id=8477930234
2026-05-13 15:24:26,532 - INFO - Update id=617996859 is handled. Duration 5 ms by bot id=8477930234
2026-05-13 15:24:26,874 - INFO - Update id=617996860 is handled. Duration 144 ms by bot id=8477930234
2026-05-13 15:24:27,209 - INFO - Update id=617996861 is handled. Duration 177 ms by bot id=8477930234
2026-05-13 15:24:27,397 - INFO - Update id=617996862 is handled. Duration 135 ms by bot id=8477930234
2026-05-13 15:24:27,610 - INFO - Update id=617996863 is handled. Duration 209 ms by bot id=8477930234
2026-05-13 15:24:28,014 - INFO - Update id=617996864 is handled. Duration 205 ms by bot id=8477930234
2026-05-13 15:24:39,314 - INFO - Update id=617996865 is handled. Duration 141 ms by bot id=8477930234
2026-05-13 15:25:12,781 - INFO - Update id=617996866 is handled. Duration 389 ms by bot id=8477930234
2026-05-13 15:25:15,499 - INFO - Update id=617996867 is handled. Duration 220 ms by bot id=8477930234
2026-05-13 15:25:17,147 - INFO - Update id=617996868 is handled. Duration 138 ms by bot id=8477930234
2026-05-13 15:25:20,513 - INFO - Update id=617996869 is handled. Duration 310 ms by bot id=8477930234
2026-05-13 15:25:25,306 - INFO - Update id=617996870 is handled. Duration 115 ms by bot id=8477930234
2026-05-13 15:25:40,593 - INFO - Update id=617996871 is handled. Duration 125 ms by bot id=8477930234
2026-05-13 15:25:59,444 - INFO - Update id=617996872 is handled. Duration 126 ms by bot id=8477930234
2026-05-13 15:26:01,408 - INFO - Update id=617996873 is handled. Duration 202 ms by bot id=8477930234
2026-05-13 15:26:04,503 - INFO - Update id=617996874 is handled. Duration 193 ms by bot id=8477930234
2026-05-13 15:26:06,151 - INFO - Update id=617996875 is handled. Duration 806 ms by bot id=8477930234
2026-05-13 15:26:21,605 - INFO - Update id=617996876 is handled. Duration 197 ms by bot id=8477930234
2026-05-13 15:26:32,553 - INFO - Update id=617996877 is handled. Duration 732 ms by bot id=8477930234
2026-05-13 15:26:35,061 - INFO - Update id=617996878 is handled. Duration 573 ms by bot id=8477930234
2026-05-13 15:26:40,218 - INFO - Update id=617996879 is handled. Duration 203 ms by bot id=8477930234
2026-05-13 15:26:42,800 - INFO - Update id=617996880 is handled. Duration 633 ms by bot id=8477930234
2026-05-13 15:26:52,545 - INFO - Update id=617996881 is handled. Duration 1483 ms by bot id=8477930234
2026-05-13 15:27:29,092 - INFO - Update id=617996882 is handled. Duration 1881 ms by bot id=8477930234
2026-05-13 15:29:01,495 - INFO - Update id=617996883 is handled. Duration 3 ms by bot id=8477930234
2026-05-13 15:29:01,634 - INFO - Update id=617996884 is handled. Duration 10 ms by bot id=8477930234
2026-05-13 15:29:01,955 - INFO - Update id=617996885 is handled. Duration 5 ms by bot id=8477930234
2026-05-13 15:29:02,288 - INFO - Update id=617996886 is handled. Duration 129 ms by bot id=8477930234
2026-05-13 15:29:38,258 - INFO - Update id=617996887 is handled. Duration 147 ms by bot id=8477930234
2026-05-13 15:29:40,067 - INFO - Update id=617996888 is handled. Duration 219 ms by bot id=8477930234
2026-05-13 15:29:42,212 - INFO - Update id=617996889 is handled. Duration 126 ms by bot id=8477930234
2026-05-13 15:29:44,138 - INFO - Update id=617996890 is handled. Duration 203 ms by bot id=8477930234
2026-05-13 15:31:42,514 - INFO - Update id=617996891 is handled. Duration 165 ms by bot id=8477930234
2026-05-13 15:32:01,339 - INFO - Update id=617996892 is handled. Duration 179 ms by bot id=8477930234
2026-05-13 15:32:23,732 - INFO - Update id=617996893 is handled. Duration 839 ms by bot id=8477930234
2026-05-13 15:36:25,260 - INFO - Start polling
2026-05-13 15:36:25,840 - INFO - Run polling for bot @master_sat_prep_bot id=8477930234 - 'Master SAT Bot'
2026-05-13 15:36:31,722 - INFO - Update id=617996894 is handled. Duration 355 ms by bot id=8477930234
2026-05-13 15:36:41,820 - INFO - Update id=617996895 is handled. Duration 134 ms by bot id=8477930234
2026-05-13 15:36:44,107 - INFO - Update id=617996896 is handled. Duration 162 ms by bot id=8477930234
2026-05-13 15:36:50,384 - INFO - Update id=617996897 is handled. Duration 705 ms by bot id=8477930234
2026-05-13 15:37:06,453 - INFO - Update id=617996898 is handled. Duration 204 ms by bot id=8477930234
2026-05-13 15:37:13,754 - INFO - Update id=617996899 is handled. Duration 135 ms by bot id=8477930234
2026-05-13 15:37:18,971 - INFO - Update id=617996900 is handled. Duration 436 ms by bot id=8477930234
2026-05-13 15:37:21,153 - INFO - Update id=617996901 is handled. Duration 548 ms by bot id=8477930234
2026-05-13 15:37:34,335 - INFO - Update id=617996902 is handled. Duration 193 ms by bot id=8477930234
2026-05-13 15:37:36,166 - INFO - Update id=617996903 is handled. Duration 122 ms by bot id=8477930234
2026-05-13 15:37:36,990 - INFO - Update id=617996904 is handled. Duration 142 ms by bot id=8477930234
2026-05-13 15:37:39,617 - INFO - Update id=617996905 is handled. Duration 717 ms by bot id=8477930234
2026-05-13 15:37:48,029 - INFO - Update id=617996906 is handled. Duration 128 ms by bot id=8477930234
2026-05-13 15:37:50,969 - INFO - Update id=617996907 is handled. Duration 768 ms by bot id=8477930234
2026-05-13 15:38:01,274 - INFO - Update id=617996908 is handled. Duration 134 ms by bot id=8477930234
2026-05-13 15:38:03,966 - INFO - Update id=617996909 is handled. Duration 286 ms by bot id=8477930234
2026-05-13 15:38:06,953 - INFO - Update id=617996910 is handled. Duration 156 ms by bot id=8477930234
2026-05-13 15:38:08,575 - INFO - Update id=617996911 is handled. Duration 423 ms by bot id=8477930234
2026-05-13 15:38:10,711 - INFO - Update id=617996912 is handled. Duration 287 ms by bot id=8477930234
2026-05-13 15:38:19,366 - INFO - Update id=617996913 is handled. Duration 230 ms by bot id=8477930234
2026-05-13 15:38:21,052 - INFO - Update id=617996914 is handled. Duration 278 ms by bot id=8477930234
2026-05-13 15:38:25,345 - INFO - Update id=617996915 is handled. Duration 127 ms by bot id=8477930234
2026-05-13 15:38:27,962 - INFO - Update id=617996916 is handled. Duration 251 ms by bot id=8477930234
2026-05-13 15:38:29,747 - INFO - Update id=617996917 is handled. Duration 134 ms by bot id=8477930234
2026-05-13 15:38:34,655 - INFO - Update id=617996918 is handled. Duration 138 ms by bot id=8477930234
2026-05-13 15:38:37,829 - INFO - Update id=617996919 is handled. Duration 141 ms by bot id=8477930234
2026-05-13 15:38:40,458 - INFO - Update id=617996920 is handled. Duration 146 ms by bot id=8477930234
2026-05-13 15:38:43,536 - INFO - Update id=617996921 is handled. Duration 885 ms by bot id=8477930234
2026-05-13 15:38:51,694 - INFO - Update id=617996922 is handled. Duration 141 ms by bot id=8477930234
2026-05-13 15:38:54,949 - INFO - Update id=617996923 is handled. Duration 421 ms by bot id=8477930234
2026-05-13 15:39:04,146 - INFO - Update id=617996924 is handled. Duration 148 ms by bot id=8477930234
2026-05-13 15:39:08,804 - INFO - Update id=617996925 is handled. Duration 143 ms by bot id=8477930234
2026-05-13 15:39:16,035 - INFO - Update id=617996926 is handled. Duration 124 ms by bot id=8477930234
2026-05-13 15:39:19,921 - INFO - Update id=617996927 is handled. Duration 161 ms by bot id=8477930234
2026-05-13 15:39:28,344 - INFO - Update id=617996928 is handled. Duration 152 ms by bot id=8477930234
2026-05-13 15:39:51,553 - INFO - Update id=617996929 is handled. Duration 486 ms by bot id=8477930234
2026-05-13 15:39:56,529 - INFO - Update id=617996930 is handled. Duration 497 ms by bot id=8477930234
2026-05-13 15:40:03,399 - INFO - Update id=617996931 is handled. Duration 872 ms by bot id=8477930234
2026-05-13 15:40:06,485 - INFO - Update id=617996932 is handled. Duration 1037 ms by bot id=8477930234
2026-05-13 15:40:15,548 - INFO - Update id=617996933 is handled. Duration 169 ms by bot id=8477930234
2026-05-13 15:46:01,687 - INFO - Update id=617996934 is handled. Duration 184 ms by bot id=8477930234
2026-05-13 15:46:04,249 - INFO - Update id=617996935 is handled. Duration 1030 ms by bot id=8477930234
2026-05-13 15:46:06,121 - INFO - Update id=617996936 is handled. Duration 157 ms by bot id=8477930234
2026-05-13 15:46:08,830 - INFO - Update id=617996937 is handled. Duration 408 ms by bot id=8477930234
2026-05-13 15:46:11,143 - INFO - Update id=617996938 is handled. Duration 265 ms by bot id=8477930234
2026-05-13 15:46:13,108 - INFO - Update id=617996939 is handled. Duration 184 ms by bot id=8477930234
2026-05-13 15:46:15,280 - INFO - Update id=617996940 is handled. Duration 444 ms by bot id=8477930234
2026-05-13 15:46:21,792 - INFO - Update id=617996941 is handled. Duration 372 ms by bot id=8477930234
2026-05-13 15:46:27,247 - INFO - Update id=617996942 is handled. Duration 1325 ms by bot id=8477930234
2026-05-13 15:47:45,795 - INFO - Update id=617996943 is handled. Duration 362 ms by bot id=8477930234
2026-05-13 15:47:55,471 - INFO - Update id=617996944 is handled. Duration 167 ms by bot id=8477930234
2026-05-13 15:47:57,327 - INFO - Update id=617996945 is handled. Duration 270 ms by bot id=8477930234
2026-05-13 15:47:59,063 - INFO - Update id=617996946 is handled. Duration 251 ms by bot id=8477930234
2026-05-13 15:48:03,232 - INFO - Update id=617996947 is handled. Duration 233 ms by bot id=8477930234
2026-05-13 15:49:27,127 - INFO - Update id=617996948 is handled. Duration 269 ms by bot id=8477930234
2026-05-13 15:49:27,411 - INFO - Update id=617996950 is handled. Duration 236 ms by bot id=8477930234
2026-05-13 15:49:27,464 - INFO - Update id=617996949 is handled. Duration 423 ms by bot id=8477930234
2026-05-13 15:49:27,663 - INFO - Update id=617996952 is handled. Duration 160 ms by bot id=8477930234
2026-05-13 15:49:27,718 - INFO - Update id=617996951 is handled. Duration 352 ms by bot id=8477930234
2026-05-13 15:49:27,786 - INFO - Update id=617996953 is handled. Duration 176 ms by bot id=8477930234
2026-05-13 15:49:27,856 - INFO - Update id=617996954 is handled. Duration 143 ms by bot id=8477930234
2026-05-13 15:49:27,956 - INFO - Update id=617996955 is handled. Duration 138 ms by bot id=8477930234
2026-05-13 15:49:28,204 - INFO - Update id=617996956 is handled. Duration 178 ms by bot id=8477930234
2026-05-13 15:49:31,767 - INFO - Update id=617996957 is handled. Duration 8 ms by bot id=8477930234
2026-05-13 15:49:32,027 - INFO - Update id=617996958 is handled. Duration 9 ms by bot id=8477930234
2026-05-13 15:49:32,448 - INFO - Update id=617996959 is handled. Duration 5 ms by bot id=8477930234
2026-05-13 15:49:33,051 - INFO - Update id=617996960 is handled. Duration 171 ms by bot id=8477930234
2026-05-13 15:49:33,295 - INFO - Update id=617996961 is handled. Duration 149 ms by bot id=8477930234
2026-05-13 15:49:33,579 - INFO - Update id=617996962 is handled. Duration 137 ms by bot id=8477930234
2026-05-13 15:49:46,519 - INFO - Update id=617996963 is handled. Duration 307 ms by bot id=8477930234
2026-05-13 15:49:47,951 - INFO - Update id=617996964 is handled. Duration 125 ms by bot id=8477930234
2026-05-13 15:50:00,780 - INFO - Update id=617996965 is handled. Duration 163 ms by bot id=8477930234
2026-05-13 15:50:08,595 - INFO - Update id=617996966 is handled. Duration 313 ms by bot id=8477930234
2026-05-13 15:50:13,027 - INFO - Update id=617996967 is handled. Duration 150 ms by bot id=8477930234
2026-05-13 15:50:18,699 - INFO - Update id=617996968 is handled. Duration 125 ms by bot id=8477930234
2026-05-13 15:50:22,774 - INFO - Update id=617996969 is handled. Duration 124 ms by bot id=8477930234
2026-05-13 15:50:25,864 - INFO - Update id=617996970 is handled. Duration 114 ms by bot id=8477930234
2026-05-13 15:50:33,289 - INFO - Update id=617996971 is handled. Duration 200 ms by bot id=8477930234
2026-05-13 15:50:35,631 - INFO - Update id=617996972 is handled. Duration 210 ms by bot id=8477930234
2026-05-13 15:51:01,857 - INFO - Update id=617996973 is handled. Duration 345 ms by bot id=8477930234
2026-05-13 15:51:02,228 - INFO - Update id=617996974 is handled. Duration 369 ms by bot id=8477930234
2026-05-13 15:52:11,622 - INFO - Update id=617996975 is handled. Duration 9 ms by bot id=8477930234
2026-05-13 15:52:11,788 - INFO - Update id=617996976 is handled. Duration 9 ms by bot id=8477930234
2026-05-13 15:52:11,990 - INFO - Update id=617996977 is handled. Duration 9 ms by bot id=8477930234
2026-05-13 15:52:12,154 - INFO - Update id=617996978 is handled. Duration 8 ms by bot id=8477930234
2026-05-13 15:52:12,540 - INFO - Update id=617996979 is handled. Duration 8 ms by bot id=8477930234
2026-05-13 15:52:12,891 - INFO - Update id=617996980 is handled. Duration 9 ms by bot id=8477930234
2026-05-13 15:52:13,311 - INFO - Update id=617996981 is handled. Duration 10 ms by bot id=8477930234
2026-05-13 15:52:13,430 - INFO - Update id=617996983 is handled. Duration 15 ms by bot id=8477930234
2026-05-13 15:52:13,430 - INFO - Update id=617996982 is handled. Duration 16 ms by bot id=8477930234
2026-05-13 15:52:13,535 - INFO - Update id=617996984 is handled. Duration 9 ms by bot id=8477930234
2026-05-13 15:52:13,637 - INFO - Update id=617996985 is handled. Duration 8 ms by bot id=8477930234
2026-05-13 15:52:13,747 - INFO - Update id=617996986 is handled. Duration 9 ms by bot id=8477930234
2026-05-13 15:52:15,661 - INFO - Update id=617996987 is handled. Duration 10 ms by bot id=8477930234
2026-05-13 15:52:15,845 - INFO - Update id=617996988 is handled. Duration 5 ms by bot id=8477930234
2026-05-13 15:52:16,063 - INFO - Update id=617996989 is handled. Duration 6 ms by bot id=8477930234
2026-05-13 15:52:16,195 - INFO - Update id=617996990 is handled. Duration 10 ms by bot id=8477930234
2026-05-13 15:52:16,306 - INFO - Update id=617996991 is handled. Duration 7 ms by bot id=8477930234
2026-05-13 15:52:17,369 - INFO - Update id=617996992 is handled. Duration 6 ms by bot id=8477930234
2026-05-13 15:52:18,041 - INFO - Update id=617996993 is handled. Duration 7 ms by bot id=8477930234
2026-05-13 15:52:18,611 - INFO - Update id=617996994 is handled. Duration 10 ms by bot id=8477930234
2026-05-13 15:52:26,374 - INFO - Update id=617996996 is handled. Duration 6 ms by bot id=8477930234
2026-05-13 15:52:26,384 - INFO - Update id=617996995 is handled. Duration 186 ms by bot id=8477930234
2026-05-13 15:52:29,647 - INFO - Update id=617996997 is handled. Duration 324 ms by bot id=8477930234
2026-05-13 15:52:31,946 - INFO - Update id=617996998 is handled. Duration 151 ms by bot id=8477930234
2026-05-13 15:52:49,395 - INFO - Update id=617996999 is handled. Duration 169 ms by bot id=8477930234
2026-05-13 15:52:53,178 - INFO - Update id=617997000 is handled. Duration 125 ms by bot id=8477930234
2026-05-13 16:03:43,387 - ERROR - Failed to fetch updates - TelegramNetworkError: HTTP Client says - Request timeout error
2026-05-13 16:03:43,389 - WARNING - Sleep for 1.000000 seconds and try again... (tryings = 0, bot id = 8477930234)
2026-05-13 16:03:55,626 - INFO - Connection established (tryings = 1, bot id = 8477930234)
2026-05-13 16:03:58,850 - INFO - Update id=617997001 is handled. Duration 3222 ms by bot id=8477930234
2026-05-13 16:04:01,002 - INFO - Update id=617997002 is handled. Duration 707 ms by bot id=8477930234
2026-05-13 16:04:16,801 - ERROR - invalid literal for int() with base 10: "\u270f\ufe0f Bo'limni o'zgartirish"
2026-05-13 16:04:17,121 - INFO - Update id=617997003 is handled. Duration 323 ms by bot id=8477930234
2026-05-13 16:04:20,286 - INFO - Update id=617997004 is handled. Duration 150 ms by bot id=8477930234
2026-05-13 16:04:23,017 - INFO - Update id=617997005 is handled. Duration 426 ms by bot id=8477930234
2026-05-13 16:04:31,599 - INFO - Update id=617997006 is handled. Duration 207 ms by bot id=8477930234
2026-05-13 16:04:33,461 - INFO - Update id=617997007 is handled. Duration 614 ms by bot id=8477930234
2026-05-13 16:04:35,075 - INFO - Update id=617997008 is handled. Duration 540 ms by bot id=8477930234
2026-05-13 20:16:34,624 - INFO - Start polling
2026-05-13 20:16:35,255 - INFO - Run polling for bot @master_sat_prep_bot id=8477930234 - 'Master SAT Bot'
2026-05-13 20:16:35,902 - INFO - Update id=617997009 is handled. Duration 529 ms by bot id=8477930234
2026-05-13 20:20:12,310 - INFO - Update id=617997010 is handled. Duration 128 ms by bot id=8477930234
2026-05-13 20:20:23,436 - INFO - Update id=617997011 is handled. Duration 139 ms by bot id=8477930234
2026-05-13 20:20:32,819 - INFO - Update id=617997012 is handled. Duration 203 ms by bot id=8477930234
2026-05-13 20:20:42,816 - INFO - Update id=617997013 is handled. Duration 162 ms by bot id=8477930234
2026-05-13 20:20:47,462 - INFO - Update id=617997014 is handled. Duration 202 ms by bot id=8477930234
2026-05-13 20:21:38,093 - INFO - Update id=617997018 is handled. Duration 386 ms by bot id=8477930234
2026-05-13 20:21:38,093 - INFO - Update id=617997019 is handled. Duration 386 ms by bot id=8477930234
2026-05-13 20:21:38,238 - INFO - Update id=617997020 is handled. Duration 529 ms by bot id=8477930234
2026-05-13 20:21:38,239 - INFO - Update id=617997016 is handled. Duration 533 ms by bot id=8477930234
2026-05-13 20:21:38,245 - INFO - Update id=617997015 is handled. Duration 539 ms by bot id=8477930234
2026-05-13 20:21:38,443 - INFO - Update id=617997017 is handled. Duration 737 ms by bot id=8477930234
2026-05-13 20:21:46,381 - INFO - Update id=617997021 is handled. Duration 131 ms by bot id=8477930234
2026-05-13 20:21:49,715 - INFO - Update id=617997022 is handled. Duration 396 ms by bot id=8477930234
2026-05-13 20:21:54,054 - INFO - Update id=617997023 is handled. Duration 130 ms by bot id=8477930234
2026-05-13 20:21:56,624 - INFO - Update id=617997024 is handled. Duration 243 ms by bot id=8477930234
2026-05-13 20:22:00,692 - INFO - Update id=617997025 is handled. Duration 132 ms by bot id=8477930234
2026-05-13 20:22:37,066 - INFO - Update id=617997026 is handled. Duration 134 ms by bot id=8477930234
2026-05-13 20:22:45,432 - INFO - Update id=617997027 is handled. Duration 511 ms by bot id=8477930234
2026-05-13 20:25:32,500 - INFO - Update id=617997028 is handled. Duration 150 ms by bot id=8477930234
2026-05-13 20:25:35,483 - INFO - Update id=617997029 is handled. Duration 365 ms by bot id=8477930234
2026-05-14 20:13:42,057 - INFO - Start polling
2026-05-14 20:13:44,230 - INFO - Run polling for bot @master_sat_prep_bot id=8477930234 - 'Master SAT Bot'
2026-05-14 20:14:21,640 - INFO - Update id=617997030 is handled. Duration 626 ms by bot id=8477930234
2026-05-14 20:14:25,428 - INFO - Update id=617997031 is handled. Duration 362 ms by bot id=8477930234
2026-05-14 20:14:31,247 - INFO - Update id=617997032 is handled. Duration 309 ms by bot id=8477930234
2026-05-14 20:14:35,030 - INFO - Update id=617997033 is handled. Duration 271 ms by bot id=8477930234
2026-05-14 20:14:41,490 - INFO - Update id=617997034 is handled. Duration 315 ms by bot id=8477930234
2026-05-14 20:14:49,863 - INFO - Update id=617997035 is handled. Duration 1106 ms by bot id=8477930234
2026-05-14 20:15:19,540 - INFO - Update id=617997036 is handled. Duration 158 ms by bot id=8477930234
2026-05-14 20:15:29,754 - INFO - Update id=617997037 is handled. Duration 880 ms by bot id=8477930234
2026-05-14 20:15:40,392 - INFO - Update id=617997038 is handled. Duration 147 ms by bot id=8477930234
2026-05-14 20:15:43,428 - INFO - Update id=617997039 is handled. Duration 147 ms by bot id=8477930234
2026-05-14 20:15:46,357 - INFO - Update id=617997040 is handled. Duration 143 ms by bot id=8477930234
2026-05-14 20:15:48,828 - INFO - Update id=617997041 is handled. Duration 299 ms by bot id=8477930234
2026-05-14 20:15:53,355 - INFO - Update id=617997042 is handled. Duration 136 ms by bot id=8477930234
2026-05-14 20:15:55,671 - INFO - Update id=617997043 is handled. Duration 742 ms by bot id=8477930234
2026-05-14 20:16:02,539 - INFO - Update id=617997044 is handled. Duration 890 ms by bot id=8477930234
2026-05-14 20:16:19,550 - INFO - Update id=617997045 is handled. Duration 1133 ms by bot id=8477930234
2026-05-14 20:16:23,504 - INFO - Update id=617997046 is handled. Duration 605 ms by bot id=8477930234
2026-05-14 20:16:28,147 - INFO - Update id=617997047 is handled. Duration 924 ms by bot id=8477930234
2026-05-14 20:16:30,184 - INFO - Update id=617997048 is handled. Duration 135 ms by bot id=8477930234
2026-05-14 20:16:40,408 - INFO - Update id=617997049 is handled. Duration 123 ms by bot id=8477930234
2026-05-14 20:16:42,225 - INFO - Update id=617997050 is handled. Duration 897 ms by bot id=8477930234
2026-05-14 20:16:50,334 - INFO - Update id=617997051 is handled. Duration 125 ms by bot id=8477930234
2026-05-14 20:17:32,472 - INFO - Update id=617997052 is handled. Duration 317 ms by bot id=8477930234
2026-05-14 20:17:38,040 - INFO - Update id=617997053 is handled. Duration 949 ms by bot id=8477930234
2026-05-14 20:19:14,208 - INFO - Update id=617997054 is handled. Duration 539 ms by bot id=8477930234
2026-05-14 20:19:50,841 - INFO - Update id=617997055 is handled. Duration 213 ms by bot id=8477930234
2026-05-14 20:19:55,778 - INFO - Update id=617997056 is handled. Duration 133 ms by bot id=8477930234
2026-05-14 20:20:06,083 - INFO - Update id=617997057 is handled. Duration 185 ms by bot id=8477930234
2026-05-14 20:20:28,833 - INFO - Update id=617997058 is handled. Duration 299 ms by bot id=8477930234
2026-05-14 20:20:32,365 - INFO - Update id=617997059 is handled. Duration 373 ms by bot id=8477930234
2026-05-14 20:20:42,612 - INFO - Update id=617997060 is handled. Duration 646 ms by bot id=8477930234
2026-05-14 20:21:05,816 - INFO - Update id=617997061 is handled. Duration 159 ms by bot id=8477930234
2026-05-14 20:21:07,679 - INFO - Update id=617997062 is handled. Duration 381 ms by bot id=8477930234
2026-05-14 20:21:09,061 - INFO - Update id=617997063 is handled. Duration 471 ms by bot id=8477930234
2026-05-14 20:21:12,900 - INFO - Update id=617997064 is handled. Duration 719 ms by bot id=8477930234
2026-05-14 20:21:22,767 - INFO - Update id=617997065 is handled. Duration 151 ms by bot id=8477930234
2026-05-14 20:21:25,078 - INFO - Update id=617997066 is handled. Duration 615 ms by bot id=8477930234
2026-05-14 20:21:33,633 - INFO - Update id=617997067 is handled. Duration 169 ms by bot id=8477930234
2026-05-14 20:21:50,530 - INFO - Update id=617997068 is handled. Duration 180 ms by bot id=8477930234
2026-05-14 20:22:10,257 - INFO - Update id=617997069 is handled. Duration 139 ms by bot id=8477930234
2026-05-14 20:22:11,795 - INFO - Update id=617997070 is handled. Duration 360 ms by bot id=8477930234
2026-05-14 20:22:28,483 - INFO - Update id=617997071 is handled. Duration 1387 ms by bot id=8477930234
2026-05-14 20:22:49,951 - INFO - Update id=617997072 is handled. Duration 222 ms by bot id=8477930234
2026-05-14 20:22:57,074 - INFO - Update id=617997073 is handled. Duration 801 ms by bot id=8477930234
2026-05-14 20:23:06,850 - INFO - Update id=617997074 is handled. Duration 131 ms by bot id=8477930234
2026-05-14 20:23:08,429 - INFO - Update id=617997075 is handled. Duration 352 ms by bot id=8477930234
2026-05-14 20:23:10,275 - INFO - Update id=617997076 is handled. Duration 493 ms by bot id=8477930234
2026-05-14 20:23:15,785 - INFO - Update id=617997077 is handled. Duration 147 ms by bot id=8477930234
2026-05-14 20:23:18,427 - INFO - Update id=617997078 is handled. Duration 474 ms by bot id=8477930234
2026-05-14 20:23:26,071 - INFO - Update id=617997079 is handled. Duration 503 ms by bot id=8477930234
2026-05-14 20:23:30,274 - INFO - Update id=617997080 is handled. Duration 128 ms by bot id=8477930234
2026-05-14 20:23:35,346 - INFO - Update id=617997081 is handled. Duration 144 ms by bot id=8477930234
2026-05-14 20:23:38,170 - INFO - Update id=617997082 is handled. Duration 152 ms by bot id=8477930234
2026-05-14 20:26:02,466 - INFO - Update id=617997083 is handled. Duration 125 ms by bot id=8477930234
2026-05-14 20:26:04,182 - INFO - Update id=617997084 is handled. Duration 131 ms by bot id=8477930234
2026-05-14 20:26:06,842 - INFO - Update id=617997085 is handled. Duration 131 ms by bot id=8477930234
2026-05-14 20:26:16,400 - INFO - Update id=617997086 is handled. Duration 170 ms by bot id=8477930234
2026-05-14 20:26:20,765 - INFO - Update id=617997087 is handled. Duration 127 ms by bot id=8477930234
2026-05-14 20:26:21,606 - ERROR - invalid literal for int() with base 10: '\U0001f465 Foydalanuvchilar'
2026-05-14 20:26:21,733 - INFO - Update id=617997088 is handled. Duration 132 ms by bot id=8477930234
2026-05-14 20:26:27,154 - ERROR - invalid literal for int() with base 10: '23.14'
2026-05-14 20:26:27,283 - INFO - Update id=617997089 is handled. Duration 131 ms by bot id=8477930234
2026-05-14 20:26:32,142 - ERROR - invalid literal for int() with base 10: '32:12'
2026-05-14 20:26:32,771 - INFO - Update id=617997090 is handled. Duration 631 ms by bot id=8477930234
2026-05-14 20:26:46,118 - INFO - Update id=617997091 is handled. Duration 404 ms by bot id=8477930234
2026-05-14 20:26:49,517 - INFO - Update id=617997092 is handled. Duration 331 ms by bot id=8477930234
2026-05-14 20:27:04,447 - INFO - Update id=617997093 is handled. Duration 323 ms by bot id=8477930234
2026-05-14 20:27:05,804 - INFO - Update id=617997094 is handled. Duration 549 ms by bot id=8477930234
2026-05-14 20:27:17,015 - INFO - Update id=617997095 is handled. Duration 601 ms by bot id=8477930234
2026-05-14 20:27:19,746 - INFO - Update id=617997096 is handled. Duration 366 ms by bot id=8477930234
2026-05-14 20:27:41,528 - INFO - Update id=617997097 is handled. Duration 160 ms by bot id=8477930234
2026-05-14 20:27:50,609 - INFO - Update id=617997098 is handled. Duration 116 ms by bot id=8477930234
2026-05-14 20:27:59,896 - INFO - Update id=617997099 is handled. Duration 200 ms by bot id=8477930234
2026-05-14 20:28:27,819 - INFO - Update id=617997100 is handled. Duration 154 ms by bot id=8477930234
2026-05-14 20:28:34,285 - INFO - Update id=617997101 is handled. Duration 417 ms by bot id=8477930234
2026-05-14 20:28:45,984 - INFO - Update id=617997102 is handled. Duration 133 ms by bot id=8477930234
2026-05-14 20:28:48,199 - INFO - Update id=617997103 is handled. Duration 448 ms by bot id=8477930234
2026-05-14 20:28:57,465 - INFO - Update id=617997104 is handled. Duration 132 ms by bot id=8477930234
2026-05-14 20:29:00,406 - INFO - Update id=617997105 is handled. Duration 235 ms by bot id=8477930234
2026-05-14 20:29:03,780 - INFO - Update id=617997106 is handled. Duration 236 ms by bot id=8477930234
2026-05-14 20:29:08,089 - INFO - Update id=617997107 is handled. Duration 141 ms by bot id=8477930234
2026-05-14 20:29:15,135 - INFO - Update id=617997108 is handled. Duration 209 ms by bot id=8477930234
2026-05-14 20:29:23,330 - INFO - Update id=617997109 is handled. Duration 378 ms by bot id=8477930234
2026-05-14 20:29:24,563 - INFO - Update id=617997110 is handled. Duration 239 ms by bot id=8477930234
2026-05-14 20:29:28,276 - INFO - Update id=617997111 is handled. Duration 144 ms by bot id=8477930234
2026-05-14 20:29:31,321 - ERROR - Failed to fetch updates - TelegramNetworkError: HTTP Client says - ServerDisconnectedError: Server disconnected
2026-05-14 20:29:31,321 - WARNING - Sleep for 1.000000 seconds and try again... (tryings = 0, bot id = 8477930234)
2026-05-14 20:29:31,649 - INFO - Update id=617997112 is handled. Duration 356 ms by bot id=8477930234
2026-05-14 20:29:34,284 - INFO - Connection established (tryings = 1, bot id = 8477930234)
2026-05-14 20:29:35,684 - INFO - Update id=617997113 is handled. Duration 1398 ms by bot id=8477930234
2026-05-14 20:29:37,338 - INFO - Update id=617997114 is handled. Duration 638 ms by bot id=8477930234
2026-05-14 20:29:43,363 - INFO - Update id=617997115 is handled. Duration 720 ms by bot id=8477930234
2026-05-14 20:29:47,383 - INFO - Update id=617997116 is handled. Duration 143 ms by bot id=8477930234
2026-05-14 20:29:49,812 - INFO - Update id=617997117 is handled. Duration 1442 ms by bot id=8477930234
2026-05-14 20:30:30,325 - INFO - Update id=617997118 is handled. Duration 817 ms by bot id=8477930234
2026-05-14 20:30:34,336 - INFO - Update id=617997119 is handled. Duration 158 ms by bot id=8477930234
2026-05-14 20:38:48,894 - ERROR - Failed to fetch updates - TelegramNetworkError: HTTP Client says - Request timeout error
2026-05-14 20:38:48,895 - WARNING - Sleep for 1.000000 seconds and try again... (tryings = 0, bot id = 8477930234)
2026-05-14 20:39:00,416 - INFO - Connection established (tryings = 1, bot id = 8477930234)
2026-05-14 20:58:01,501 - ERROR - Failed to fetch updates - TelegramNetworkError: HTTP Client says - ServerDisconnectedError: Server disconnected
2026-05-14 20:58:01,501 - WARNING - Sleep for 1.000000 seconds and try again... (tryings = 0, bot id = 8477930234)
2026-05-14 20:58:13,070 - INFO - Connection established (tryings = 1, bot id = 8477930234)
2026-05-14 20:58:13,072 - ERROR - Failed to fetch updates - TelegramNetworkError: HTTP Client says - ServerDisconnectedError: Server disconnected
2026-05-14 20:58:13,072 - WARNING - Sleep for 1.000000 seconds and try again... (tryings = 0, bot id = 8477930234)
2026-05-14 20:58:16,609 - ERROR - Failed to fetch updates - TelegramNetworkError: HTTP Client says - ClientConnectorError: Cannot connect to host api.telegram.org:443 ssl:default [The remote computer refused the network connection]
2026-05-14 20:58:16,609 - WARNING - Sleep for 1.286354 seconds and try again... (tryings = 1, bot id = 8477930234)
2026-05-14 20:58:28,266 - INFO - Connection established (tryings = 2, bot id = 8477930234)
2026-05-14 21:11:03,661 - INFO - Start polling
2026-05-14 21:11:05,091 - INFO - Run polling for bot @master_sat_prep_bot id=8477930234 - 'Master SAT Bot'
2026-05-14 21:11:09,870 - INFO - Update id=617997120 is handled. Duration 322 ms by bot id=8477930234
2026-05-14 21:11:13,523 - INFO - Update id=617997121 is handled. Duration 118 ms by bot id=8477930234
2026-05-14 21:11:16,288 - INFO - Update id=617997122 is handled. Duration 128 ms by bot id=8477930234
2026-05-14 21:11:26,739 - INFO - Update id=617997123 is handled. Duration 118 ms by bot id=8477930234
2026-05-14 21:11:36,895 - INFO - Update id=617997124 is handled. Duration 160 ms by bot id=8477930234
2026-05-14 21:11:41,604 - INFO - Update id=617997125 is handled. Duration 164 ms by bot id=8477930234
2026-05-14 21:11:43,168 - INFO - Update id=617997126 is handled. Duration 120 ms by bot id=8477930234
2026-05-14 21:11:45,038 - INFO - Update id=617997127 is handled. Duration 226 ms by bot id=8477930234
2026-05-14 21:11:46,575 - INFO - Update id=617997128 is handled. Duration 231 ms by bot id=8477930234
2026-05-14 21:11:50,507 - INFO - Update id=617997129 is handled. Duration 262 ms by bot id=8477930234
2026-05-14 21:11:53,339 - INFO - Update id=617997130 is handled. Duration 124 ms by bot id=8477930234
2026-05-14 21:11:53,519 - INFO - Update id=617997131 is handled. Duration 127 ms by bot id=8477930234
2026-05-14 21:11:55,694 - INFO - Update id=617997132 is handled. Duration 226 ms by bot id=8477930234
2026-05-14 21:11:59,186 - INFO - Update id=617997133 is handled. Duration 237 ms by bot id=8477930234
2026-05-14 21:12:04,738 - INFO - Update id=617997134 is handled. Duration 264 ms by bot id=8477930234
2026-05-14 21:12:06,558 - INFO - Update id=617997135 is handled. Duration 236 ms by bot id=8477930234
2026-05-14 21:12:10,510 - INFO - Update id=617997136 is handled. Duration 119 ms by bot id=8477930234
2026-05-14 21:12:27,145 - INFO - Update id=617997137 is handled. Duration 264 ms by bot id=8477930234
2026-05-14 21:12:28,871 - INFO - Update id=617997138 is handled. Duration 122 ms by bot id=8477930234
2026-05-14 21:12:30,633 - INFO - Update id=617997139 is handled. Duration 228 ms by bot id=8477930234
2026-05-14 21:12:32,891 - INFO - Update id=617997140 is handled. Duration 234 ms by bot id=8477930234
2026-05-14 21:12:34,725 - INFO - Update id=617997141 is handled. Duration 118 ms by bot id=8477930234
2026-05-14 21:12:37,811 - INFO - Update id=617997142 is handled. Duration 123 ms by bot id=8477930234
2026-05-14 21:12:56,106 - INFO - Update id=617997143 is handled. Duration 4 ms by bot id=8477930234
2026-05-14 21:12:56,403 - INFO - Update id=617997144 is handled. Duration 5 ms by bot id=8477930234
2026-05-14 21:12:56,596 - INFO - Update id=617997145 is handled. Duration 7 ms by bot id=8477930234
2026-05-14 21:12:56,954 - INFO - Update id=617997146 is handled. Duration 123 ms by bot id=8477930234
2026-05-14 21:13:01,714 - INFO - Update id=617997147 is handled. Duration 118 ms by bot id=8477930234
2026-05-14 21:13:03,515 - INFO - Update id=617997148 is handled. Duration 131 ms by bot id=8477930234
2026-05-14 21:13:04,863 - INFO - Update id=617997149 is handled. Duration 108 ms by bot id=8477930234
2026-05-14 21:13:09,221 - INFO - Update id=617997150 is handled. Duration 118 ms by bot id=8477930234
2026-05-14 21:13:13,114 - INFO - Update id=617997151 is handled. Duration 150 ms by bot id=8477930234
2026-05-14 21:13:13,265 - INFO - Update id=617997152 is handled. Duration 147 ms by bot id=8477930234
2026-05-14 21:13:15,249 - INFO - Update id=617997153 is handled. Duration 124 ms by bot id=8477930234
2026-05-14 21:13:16,786 - INFO - Update id=617997154 is handled. Duration 105 ms by bot id=8477930234
2026-05-14 21:13:33,107 - INFO - Update id=617997155 is handled. Duration 151 ms by bot id=8477930234
2026-05-14 21:13:35,224 - INFO - Update id=617997156 is handled. Duration 119 ms by bot id=8477930234
2026-05-14 21:13:42,846 - INFO - Update id=617997157 is handled. Duration 163 ms by bot id=8477930234
2026-05-14 21:13:44,937 - INFO - Update id=617997158 is handled. Duration 729 ms by bot id=8477930234
2026-05-14 21:13:47,068 - INFO - Update id=617997159 is handled. Duration 594 ms by bot id=8477930234
2026-05-14 21:16:06,438 - INFO - Update id=617997160 is handled. Duration 125 ms by bot id=8477930234
2026-05-14 21:16:07,994 - INFO - Update id=617997161 is handled. Duration 409 ms by bot id=8477930234
2026-05-15 08:25:38,232 - INFO - Start polling
2026-05-15 08:25:38,671 - INFO - Run polling for bot @master_sat_prep_bot id=8477930234 - 'Master SAT Bot'
2026-05-15 08:25:44,784 - INFO - Update id=617997162 is handled. Duration 330 ms by bot id=8477930234
2026-05-15 08:25:47,260 - INFO - Update id=617997163 is handled. Duration 120 ms by bot id=8477930234
2026-05-15 08:25:54,421 - INFO - Update id=617997164 is handled. Duration 222 ms by bot id=8477930234
2026-05-15 08:25:57,096 - INFO - Update id=617997165 is handled. Duration 135 ms by bot id=8477930234
2026-05-15 08:25:58,614 - INFO - Update id=617997166 is handled. Duration 232 ms by bot id=8477930234
2026-05-15 08:26:00,635 - INFO - Update id=617997167 is handled. Duration 232 ms by bot id=8477930234
2026-05-15 08:31:32,367 - INFO - Start polling
2026-05-15 08:31:33,511 - INFO - Run polling for bot @master_sat_prep_bot id=8477930234 - 'Master SAT Bot'
2026-05-25 12:08:10,416 - INFO - Start polling
2026-05-25 12:08:12,679 - INFO - Polling stopped
